d:\master2\computer graphics\compute-graph-relight\cg_hw2\debug\vc141.pdb
d:\master2\computer graphics\compute-graph-relight\cg_hw2\debug\vc141.idb
d:\master2\computer graphics\compute-graph-relight\cg_hw2\debug\glm_helper.obj
d:\master2\computer graphics\compute-graph-relight\cg_hw2\debug\glm_util.obj
d:\master2\computer graphics\compute-graph-relight\cg_hw2\debug\glmimg_sim.obj
d:\master2\computer graphics\compute-graph-relight\cg_hw2\debug\glmimg_sdl.obj
d:\master2\computer graphics\compute-graph-relight\cg_hw2\debug\glmimg_png.obj
d:\master2\computer graphics\compute-graph-relight\cg_hw2\debug\glmimg_jpg.obj
d:\master2\computer graphics\compute-graph-relight\cg_hw2\debug\glmimg_devil.obj
d:\master2\computer graphics\compute-graph-relight\cg_hw2\debug\glmimg.obj
d:\master2\computer graphics\compute-graph-relight\cg_hw2\debug\glm.obj
d:\master2\computer graphics\compute-graph-relight\cg_hw2\debug\main.obj
d:\master2\computer graphics\compute-graph-relight\debug\cg_hw2.exe
d:\master2\computer graphics\compute-graph-relight\debug\cg_hw2.ilk
d:\master2\computer graphics\compute-graph-relight\debug\cg_hw2.pdb
d:\master2\computer graphics\compute-graph-relight\cg_hw2\debug\cg_hw2.tlog\cl.command.1.tlog
d:\master2\computer graphics\compute-graph-relight\cg_hw2\debug\cg_hw2.tlog\cl.read.1.tlog
d:\master2\computer graphics\compute-graph-relight\cg_hw2\debug\cg_hw2.tlog\cl.write.1.tlog
d:\master2\computer graphics\compute-graph-relight\cg_hw2\debug\cg_hw2.tlog\link.command.1.tlog
d:\master2\computer graphics\compute-graph-relight\cg_hw2\debug\cg_hw2.tlog\link.read.1.tlog
d:\master2\computer graphics\compute-graph-relight\cg_hw2\debug\cg_hw2.tlog\link.write.1.tlog
